<?xml version="1.0" encoding="UTF-8"?>
<testsuite xmlns:xsi="http://www.w3.org/2001/XMLSchema-instance" xsi:noNamespaceSchemaLocation="https://maven.apache.org/surefire/maven-surefire-plugin/xsd/surefire-test-report-3.0.xsd" version="3.0" name="com.backend.show.ShowApplicationTests" time="5.683" tests="1" errors="0" skipped="0" failures="0">
  <properties>
[...]
</properties>
  <testcase name="contextLoads" classname="com.backend.show.ShowApplicationTests" time="1.094">
    <system-out><![CDATA[12:59:20,362 |-INFO in ch.qos.logback.classic.LoggerContext[default] - This is logback-classic version 1.4.14
12:59:20,364 |-INFO in ch.qos.logback.classic.util.ContextInitializer@19976a65 - Here is a list of configurators discovered as a service, by rank: 
12:59:20,364 |-INFO in ch.qos.logback.classic.util.ContextInitializer@19976a65 -   org.springframework.boot.logging.logback.RootLogLevelConfigurator
12:59:20,364 |-INFO in ch.qos.logback.classic.util.ContextInitializer@19976a65 - They will be invoked in order until ExecutionStatus.DO_NOT_INVOKE_NEXT_IF_ANY is returned.
12:59:20,364 |-INFO in ch.qos.logback.classic.util.ContextInitializer@19976a65 - Constructed configurator of type class org.springframework.boot.logging.logback.RootLogLevelConfigurator
12:59:20,385 |-INFO in ch.qos.logback.classic.util.ContextInitializer@19976a65 - org.springframework.boot.logging.logback.RootLogLevelConfigurator.configure() call lasted 0 milliseconds. ExecutionStatus=INVOKE_NEXT_IF_ANY
12:59:20,385 |-INFO in ch.qos.logback.classic.util.ContextInitializer@19976a65 - Trying to configure with ch.qos.logback.classic.joran.SerializedModelConfigurator
12:59:20,386 |-INFO in ch.qos.logback.classic.util.ContextInitializer@19976a65 - Constructed configurator of type class ch.qos.logback.classic.joran.SerializedModelConfigurator
12:59:20,391 |-INFO in ch.qos.logback.classic.LoggerContext[default] - Could NOT find resource [logback-test.scmo]
12:59:20,392 |-INFO in ch.qos.logback.classic.LoggerContext[default] - Could NOT find resource [logback.scmo]
12:59:20,392 |-INFO in ch.qos.logback.classic.util.ContextInitializer@19976a65 - ch.qos.logback.classic.joran.SerializedModelConfigurator.configure() call lasted 6 milliseconds. ExecutionStatus=INVOKE_NEXT_IF_ANY
12:59:20,392 |-INFO in ch.qos.logback.classic.util.ContextInitializer@19976a65 - Trying to configure with ch.qos.logback.classic.util.DefaultJoranConfigurator
12:59:20,393 |-INFO in ch.qos.logback.classic.util.ContextInitializer@19976a65 - Constructed configurator of type class ch.qos.logback.classic.util.DefaultJoranConfigurator
12:59:20,393 |-INFO in ch.qos.logback.classic.LoggerContext[default] - Could NOT find resource [logback-test.xml]
12:59:20,401 |-INFO in ch.qos.logback.classic.LoggerContext[default] - Found resource [logback.xml] at [file:/Users/ashutosh.bhalothia/Downloads/ashu/show/target/classes/logback.xml]
12:59:20,502 |-INFO in ch.qos.logback.core.model.processor.AppenderModelHandler - Processing appender named [STDOUT]
12:59:20,502 |-INFO in ch.qos.logback.core.model.processor.AppenderModelHandler - About to instantiate appender of type [ch.qos.logback.core.ConsoleAppender]
12:59:20,550 |-INFO in ch.qos.logback.core.model.processor.AppenderModelHandler - Processing appender named [FILE-AUDIT]
12:59:20,550 |-INFO in ch.qos.logback.core.model.processor.AppenderModelHandler - About to instantiate appender of type [ch.qos.logback.core.rolling.RollingFileAppender]
12:59:20,565 |-INFO in c.q.l.core.rolling.TimeBasedRollingPolicy@169833205 - No compression will be used
12:59:20,566 |-INFO in c.q.l.core.rolling.TimeBasedRollingPolicy@169833205 - Will use the pattern /opt/log/my-project/archived/feed.%d{yyyy-MM-dd}.%i.log for the active file
12:59:20,628 |-INFO in ch.qos.logback.core.rolling.SizeAndTimeBasedFNATP@4b2c5e02 - The date pattern is 'yyyy-MM-dd' from file name pattern '/opt/log/my-project/archived/feed.%d{yyyy-MM-dd}.%i.log'.
12:59:20,628 |-INFO in ch.qos.logback.core.rolling.SizeAndTimeBasedFNATP@4b2c5e02 - Roll-over at midnight.
12:59:20,641 |-INFO in ch.qos.logback.core.rolling.SizeAndTimeBasedFNATP@4b2c5e02 - Setting initial period to 2024-02-16T07:19:50.831Z
12:59:20,642 |-WARN in ch.qos.logback.core.rolling.SizeAndTimeBasedFNATP@4b2c5e02 - SizeAndTimeBasedFNATP is deprecated. Use SizeAndTimeBasedRollingPolicy instead
12:59:20,642 |-WARN in ch.qos.logback.core.rolling.SizeAndTimeBasedFNATP@4b2c5e02 - For more information see http://logback.qos.ch/manual/appenders.html#SizeAndTimeBasedRollingPolicy
12:59:20,651 |-INFO in ch.qos.logback.core.rolling.RollingFileAppender[FILE-AUDIT] - Active log file name: /opt/log/my-project/feed.log
12:59:20,652 |-INFO in ch.qos.logback.core.rolling.RollingFileAppender[FILE-AUDIT] - File property is set to [/opt/log/my-project/feed.log]
12:59:20,653 |-INFO in ch.qos.logback.classic.model.processor.LoggerModelHandler - Setting level of logger [org.springframework.web] to ERROR
12:59:20,658 |-INFO in ch.qos.logback.classic.model.processor.LoggerModelHandler - Setting additivity of logger [org.springframework.web] to false
12:59:20,659 |-INFO in ch.qos.logback.core.model.processor.AppenderRefModelHandler - Attaching appender named [FILE-AUDIT] to Logger[org.springframework.web]
12:59:20,659 |-INFO in ch.qos.logback.classic.model.processor.LoggerModelHandler - Setting level of logger [com.backend] to DEBUG
12:59:20,659 |-INFO in ch.qos.logback.classic.model.processor.LoggerModelHandler - Setting additivity of logger [com.backend] to false
12:59:20,659 |-INFO in ch.qos.logback.core.model.processor.AppenderRefModelHandler - Attaching appender named [FILE-AUDIT] to Logger[com.backend]
12:59:20,659 |-INFO in ch.qos.logback.core.model.processor.AppenderRefModelHandler - Attaching appender named [STDOUT] to Logger[com.backend]
12:59:20,660 |-INFO in ch.qos.logback.classic.model.processor.RootLoggerModelHandler - Setting level of ROOT logger to ERROR
12:59:20,660 |-INFO in ch.qos.logback.core.model.processor.AppenderRefModelHandler - Attaching appender named [FILE-AUDIT] to Logger[ROOT]
12:59:20,660 |-INFO in ch.qos.logback.core.model.processor.AppenderRefModelHandler - Attaching appender named [STDOUT] to Logger[ROOT]
12:59:20,660 |-INFO in ch.qos.logback.core.model.processor.DefaultProcessor@57a3e26a - End of configuration.
12:59:20,660 |-INFO in ch.qos.logback.classic.joran.JoranConfigurator@75c56eb9 - Registering current configuration as safe fallback point
12:59:20,660 |-INFO in ch.qos.logback.classic.util.ContextInitializer@19976a65 - ch.qos.logback.classic.util.DefaultJoranConfigurator.configure() call lasted 267 milliseconds. ExecutionStatus=DO_NOT_INVOKE_NEXT_IF_ANY

12:59:21,373 |-INFO in ch.qos.logback.core.model.processor.AppenderModelHandler - Processing appender named [STDOUT]
12:59:21,373 |-INFO in ch.qos.logback.core.model.processor.AppenderModelHandler - About to instantiate appender of type [ch.qos.logback.core.ConsoleAppender]
12:59:21,378 |-INFO in ch.qos.logback.core.model.processor.AppenderModelHandler - Processing appender named [FILE-AUDIT]
12:59:21,378 |-INFO in ch.qos.logback.core.model.processor.AppenderModelHandler - About to instantiate appender of type [ch.qos.logback.core.rolling.RollingFileAppender]
12:59:21,382 |-INFO in c.q.l.core.rolling.TimeBasedRollingPolicy@1340051218 - No compression will be used
12:59:21,383 |-INFO in c.q.l.core.rolling.TimeBasedRollingPolicy@1340051218 - Will use the pattern /opt/log/my-project/archived/feed.%d{yyyy-MM-dd}.%i.log for the active file
12:59:21,384 |-INFO in ch.qos.logback.core.rolling.SizeAndTimeBasedFNATP@4a8b5227 - The date pattern is 'yyyy-MM-dd' from file name pattern '/opt/log/my-project/archived/feed.%d{yyyy-MM-dd}.%i.log'.
12:59:21,384 |-INFO in ch.qos.logback.core.rolling.SizeAndTimeBasedFNATP@4a8b5227 - Roll-over at midnight.
12:59:21,385 |-INFO in ch.qos.logback.core.rolling.SizeAndTimeBasedFNATP@4a8b5227 - Setting initial period to 2024-02-16T07:19:50.831Z
12:59:21,385 |-WARN in ch.qos.logback.core.rolling.SizeAndTimeBasedFNATP@4a8b5227 - SizeAndTimeBasedFNATP is deprecated. Use SizeAndTimeBasedRollingPolicy instead
12:59:21,385 |-WARN in ch.qos.logback.core.rolling.SizeAndTimeBasedFNATP@4a8b5227 - For more information see http://logback.qos.ch/manual/appenders.html#SizeAndTimeBasedRollingPolicy
12:59:21,386 |-INFO in ch.qos.logback.core.rolling.RollingFileAppender[FILE-AUDIT] - Active log file name: /opt/log/my-project/feed.log
12:59:21,386 |-INFO in ch.qos.logback.core.rolling.RollingFileAppender[FILE-AUDIT] - File property is set to [/opt/log/my-project/feed.log]
12:59:21,386 |-INFO in ch.qos.logback.classic.model.processor.LoggerModelHandler - Setting level of logger [org.springframework.web] to ERROR
12:59:21,386 |-INFO in ch.qos.logback.classic.jul.LevelChangePropagator@54f5f647 - Propagating ERROR level on Logger[org.springframework.web] onto the JUL framework
12:59:21,387 |-INFO in ch.qos.logback.classic.model.processor.LoggerModelHandler - Setting additivity of logger [org.springframework.web] to false
12:59:21,387 |-INFO in ch.qos.logback.core.model.processor.AppenderRefModelHandler - Attaching appender named [FILE-AUDIT] to Logger[org.springframework.web]
12:59:21,387 |-INFO in ch.qos.logback.classic.model.processor.LoggerModelHandler - Setting level of logger [com.backend] to DEBUG
12:59:21,387 |-INFO in ch.qos.logback.classic.jul.LevelChangePropagator@54f5f647 - Propagating DEBUG level on Logger[com.backend] onto the JUL framework
12:59:21,387 |-INFO in ch.qos.logback.classic.model.processor.LoggerModelHandler - Setting additivity of logger [com.backend] to false
12:59:21,387 |-INFO in ch.qos.logback.core.model.processor.AppenderRefModelHandler - Attaching appender named [FILE-AUDIT] to Logger[com.backend]
12:59:21,387 |-INFO in ch.qos.logback.core.model.processor.AppenderRefModelHandler - Attaching appender named [STDOUT] to Logger[com.backend]
12:59:21,387 |-INFO in ch.qos.logback.classic.model.processor.RootLoggerModelHandler - Setting level of ROOT logger to ERROR
12:59:21,387 |-INFO in ch.qos.logback.classic.jul.LevelChangePropagator@54f5f647 - Propagating ERROR level on Logger[ROOT] onto the JUL framework
12:59:21,387 |-INFO in ch.qos.logback.core.model.processor.AppenderRefModelHandler - Attaching appender named [FILE-AUDIT] to Logger[ROOT]
12:59:21,387 |-INFO in ch.qos.logback.core.model.processor.AppenderRefModelHandler - Attaching appender named [STDOUT] to Logger[ROOT]
12:59:21,387 |-INFO in ch.qos.logback.core.model.processor.DefaultProcessor@6979efad - End of configuration.
12:59:21,387 |-INFO in org.springframework.boot.logging.logback.SpringBootJoranConfigurator@5a6d5a8f - Registering current configuration as safe fallback point


  .   ____          _            __ _ _
 /\\ / ___'_ __ _ _(_)_ __  __ _ \ \ \ \
( ( )\___ | '_ | '_| | '_ \/ _` | \ \ \ \
 \\/  ___)| |_)| | | | | || (_| |  ) ) ) )
  '  |____| .__|_| |_|_| |_\__, | / / / /
 =========|_|==============|___/=/_/_/_/
 :: Spring Boot ::                (v3.2.2)

2024-02-16 12:59:21 INFO  c.backend.show.ShowApplicationTests - Starting ShowApplicationTests using Java 20.0.2 with PID 67835 (started by ashutosh.bhalothia in /Users/ashutosh.bhalothia/Downloads/ashu/show)
2024-02-16 12:59:21 DEBUG c.backend.show.ShowApplicationTests - Running with Spring Boot v3.2.2, Spring v6.1.3
2024-02-16 12:59:21 INFO  c.backend.show.ShowApplicationTests - No active profile set, falling back to 1 default profile: "default"
mongodb://localhost:27017/test
MongoClientSettings{readPreference=primary, writeConcern=WriteConcern{w=null, wTimeout=null ms, journal=null}, retryWrites=true, retryReads=true, readConcern=ReadConcern{level=null}, credential=null, transportSettings=null, streamFactoryFactory=null, commandListeners=[], codecRegistry=ProvidersCodecRegistry{codecProviders=[ValueCodecProvider{}, BsonValueCodecProvider{}, DBRefCodecProvider{}, DBObjectCodecProvider{}, DocumentCodecProvider{}, CollectionCodecProvider{}, IterableCodecProvider{}, MapCodecProvider{}, GeoJsonCodecProvider{}, GridFSFileCodecProvider{}, Jsr310CodecProvider{}, JsonObjectCodecProvider{}, BsonCodecProvider{}, EnumCodecProvider{}, com.mongodb.client.model.mql.ExpressionCodecProvider@3f598450, com.mongodb.Jep395RecordCodecProvider@2db2a05f, com.mongodb.KotlinCodecProvider@695c938d]}, loggerSettings=LoggerSettings{maxDocumentLength=1000}, clusterSettings={hosts=[localhost:27017], srvServiceName=mongodb, mode=SINGLE, requiredClusterType=UNKNOWN, requiredReplicaSetName='null', serverSelector='null', clusterListeners='[]', serverSelectionTimeout='30000 ms', localThreshold='15 ms'}, socketSettings=SocketSettings{connectTimeoutMS=10000, readTimeoutMS=0, receiveBufferSize=0, proxySettings=ProxySettings{host=null, port=null, username=null, password=null}}, heartbeatSocketSettings=SocketSettings{connectTimeoutMS=10000, readTimeoutMS=10000, receiveBufferSize=0, proxySettings=ProxySettings{host=null, port=null, username=null, password=null}}, connectionPoolSettings=ConnectionPoolSettings{maxSize=100, minSize=0, maxWaitTimeMS=120000, maxConnectionLifeTimeMS=0, maxConnectionIdleTimeMS=0, maintenanceInitialDelayMS=0, maintenanceFrequencyMS=60000, connectionPoolListeners=[], maxConnecting=2}, serverSettings=ServerSettings{heartbeatFrequencyMS=10000, minHeartbeatFrequencyMS=500, serverListeners='[]', serverMonitorListeners='[]'}, sslSettings=SslSettings{enabled=false, invalidHostNameAllowed=false, context=null}, applicationName='null', compressorList=[], uuidRepresentation=UNSPECIFIED, serverApi=null, autoEncryptionSettings=null, dnsClient=null, inetAddressResolver=null, contextProvider=null}
2024-02-16 12:59:24 INFO  c.backend.show.ShowApplicationTests - Started ShowApplicationTests in 3.721 seconds (process running for 5.416)
]]></system-out>
  </testcase>
</testsuite>